d:\code\imgui_extended\examples\example_win32_directx11\debug\vc143.pdb
d:\code\imgui_extended\examples\example_win32_directx11\debug\vc143.idb
d:\code\imgui_extended\examples\example_win32_directx11\debug\main.obj
d:\code\imgui_extended\examples\example_win32_directx11\debug\imgui_impl_win32.obj
d:\code\imgui_extended\examples\example_win32_directx11\debug\imgui_impl_dx11.obj
d:\code\imgui_extended\examples\example_win32_directx11\debug\imgui_widgets.obj
d:\code\imgui_extended\examples\example_win32_directx11\debug\imgui_tables.obj
d:\code\imgui_extended\examples\example_win32_directx11\debug\imgui_draw.obj
d:\code\imgui_extended\examples\example_win32_directx11\debug\imgui_demo.obj
d:\code\imgui_extended\examples\example_win32_directx11\debug\imgui.obj
d:\code\imgui_extended\examples\example_win32_directx11\debug\example_win32_directx11.ilk
d:\code\imgui_extended\examples\example_win32_directx11\debug\example_win32_directx11.exe
d:\code\imgui_extended\examples\example_win32_directx11\debug\example_win32_directx11.pdb
d:\code\imgui_extended\examples\example_win32_directx11\debug\example_win32_directx11.vcxproj.filelistabsolute.txt
d:\code\imgui_extended\examples\example_win32_directx11\debug\example_.9f316e83.tlog\cl.command.1.tlog
d:\code\imgui_extended\examples\example_win32_directx11\debug\example_.9f316e83.tlog\cl.items.tlog
d:\code\imgui_extended\examples\example_win32_directx11\debug\example_.9f316e83.tlog\cl.read.1.tlog
d:\code\imgui_extended\examples\example_win32_directx11\debug\example_.9f316e83.tlog\cl.write.1.tlog
d:\code\imgui_extended\examples\example_win32_directx11\debug\example_.9f316e83.tlog\link.command.1.tlog
d:\code\imgui_extended\examples\example_win32_directx11\debug\example_.9f316e83.tlog\link.read.1.tlog
d:\code\imgui_extended\examples\example_win32_directx11\debug\example_.9f316e83.tlog\link.write.1.tlog
