d:\code\imgui_extended\examples\example_win32_directx10\debug\vc143.pdb
d:\code\imgui_extended\examples\example_win32_directx10\debug\vc143.idb
d:\code\imgui_extended\examples\example_win32_directx10\debug\main.obj
d:\code\imgui_extended\examples\example_win32_directx10\debug\imgui_impl_win32.obj
d:\code\imgui_extended\examples\example_win32_directx10\debug\imgui_impl_dx10.obj
d:\code\imgui_extended\examples\example_win32_directx10\debug\imgui_widgets.obj
d:\code\imgui_extended\examples\example_win32_directx10\debug\imgui_tables.obj
d:\code\imgui_extended\examples\example_win32_directx10\debug\imgui_draw.obj
d:\code\imgui_extended\examples\example_win32_directx10\debug\imgui_demo.obj
d:\code\imgui_extended\examples\example_win32_directx10\debug\imgui.obj
d:\code\imgui_extended\examples\example_win32_directx10\debug\example_win32_directx10.ilk
d:\code\imgui_extended\examples\example_win32_directx10\debug\example_win32_directx10.exe
d:\code\imgui_extended\examples\example_win32_directx10\debug\example_win32_directx10.pdb
d:\code\imgui_extended\examples\example_win32_directx10\debug\example_win32_directx10.vcxproj.filelistabsolute.txt
d:\code\imgui_extended\examples\example_win32_directx10\debug\example_.345a953e.tlog\cl.command.1.tlog
d:\code\imgui_extended\examples\example_win32_directx10\debug\example_.345a953e.tlog\cl.items.tlog
d:\code\imgui_extended\examples\example_win32_directx10\debug\example_.345a953e.tlog\cl.read.1.tlog
d:\code\imgui_extended\examples\example_win32_directx10\debug\example_.345a953e.tlog\cl.write.1.tlog
d:\code\imgui_extended\examples\example_win32_directx10\debug\example_.345a953e.tlog\link.command.1.tlog
d:\code\imgui_extended\examples\example_win32_directx10\debug\example_.345a953e.tlog\link.read.1.tlog
d:\code\imgui_extended\examples\example_win32_directx10\debug\example_.345a953e.tlog\link.write.1.tlog
