d:\code\imgui_extended\examples\example_glfw_opengl2\debug\vc143.pdb
d:\code\imgui_extended\examples\example_glfw_opengl2\debug\vc143.idb
d:\code\imgui_extended\examples\example_glfw_opengl2\debug\main.obj
d:\code\imgui_extended\examples\example_glfw_opengl2\debug\imgui_impl_opengl2.obj
d:\code\imgui_extended\examples\example_glfw_opengl2\debug\imgui_impl_glfw.obj
d:\code\imgui_extended\examples\example_glfw_opengl2\debug\imgui_widgets.obj
d:\code\imgui_extended\examples\example_glfw_opengl2\debug\imgui_tables.obj
d:\code\imgui_extended\examples\example_glfw_opengl2\debug\imgui_draw.obj
d:\code\imgui_extended\examples\example_glfw_opengl2\debug\imgui_demo.obj
d:\code\imgui_extended\examples\example_glfw_opengl2\debug\imgui.obj
d:\code\imgui_extended\examples\example_glfw_opengl2\debug\example_glfw_opengl2.ilk
d:\code\imgui_extended\examples\example_glfw_opengl2\debug\example_glfw_opengl2.exe
d:\code\imgui_extended\examples\example_glfw_opengl2\debug\example_glfw_opengl2.pdb
d:\code\imgui_extended\examples\example_glfw_opengl2\debug\example_glfw_opengl2.vcxproj.filelistabsolute.txt
d:\code\imgui_extended\examples\example_glfw_opengl2\debug\example_.9cda7840.tlog\cl.command.1.tlog
d:\code\imgui_extended\examples\example_glfw_opengl2\debug\example_.9cda7840.tlog\cl.items.tlog
d:\code\imgui_extended\examples\example_glfw_opengl2\debug\example_.9cda7840.tlog\cl.read.1.tlog
d:\code\imgui_extended\examples\example_glfw_opengl2\debug\example_.9cda7840.tlog\cl.write.1.tlog
d:\code\imgui_extended\examples\example_glfw_opengl2\debug\example_.9cda7840.tlog\link.command.1.tlog
d:\code\imgui_extended\examples\example_glfw_opengl2\debug\example_.9cda7840.tlog\link.read.1.tlog
d:\code\imgui_extended\examples\example_glfw_opengl2\debug\example_.9cda7840.tlog\link.write.1.tlog
