d:\code\imgui_extended\examples\example_win32_opengl3\debug\vc143.pdb
d:\code\imgui_extended\examples\example_win32_opengl3\debug\vc143.idb
d:\code\imgui_extended\examples\example_win32_opengl3\debug\main.obj
d:\code\imgui_extended\examples\example_win32_opengl3\debug\imgui_impl_win32.obj
d:\code\imgui_extended\examples\example_win32_opengl3\debug\imgui_impl_opengl3.obj
d:\code\imgui_extended\examples\example_win32_opengl3\debug\imgui_widgets.obj
d:\code\imgui_extended\examples\example_win32_opengl3\debug\imgui_tables.obj
d:\code\imgui_extended\examples\example_win32_opengl3\debug\imgui_draw.obj
d:\code\imgui_extended\examples\example_win32_opengl3\debug\imgui_demo.obj
d:\code\imgui_extended\examples\example_win32_opengl3\debug\imgui.obj
d:\code\imgui_extended\examples\example_win32_opengl3\debug\example_win32_opengl3.ilk
d:\code\imgui_extended\examples\example_win32_opengl3\debug\example_win32_opengl3.exe
d:\code\imgui_extended\examples\example_win32_opengl3\debug\example_win32_opengl3.pdb
d:\code\imgui_extended\examples\example_win32_opengl3\debug\example_win32_opengl3.vcxproj.filelistabsolute.txt
d:\code\imgui_extended\examples\example_win32_opengl3\debug\example_.c624e5ff.tlog\cl.command.1.tlog
d:\code\imgui_extended\examples\example_win32_opengl3\debug\example_.c624e5ff.tlog\cl.items.tlog
d:\code\imgui_extended\examples\example_win32_opengl3\debug\example_.c624e5ff.tlog\cl.read.1.tlog
d:\code\imgui_extended\examples\example_win32_opengl3\debug\example_.c624e5ff.tlog\cl.write.1.tlog
d:\code\imgui_extended\examples\example_win32_opengl3\debug\example_.c624e5ff.tlog\link.command.1.tlog
d:\code\imgui_extended\examples\example_win32_opengl3\debug\example_.c624e5ff.tlog\link.read.1.tlog
d:\code\imgui_extended\examples\example_win32_opengl3\debug\example_.c624e5ff.tlog\link.write.1.tlog
